CRITICAL - 2023-10-01 04:31:43 --> Invalid file: "products.php"
in SYSTEMPATH\Exceptions\FrameworkException.php on line 39.
 1 SYSTEMPATH\View\View.php(214): CodeIgniter\Exceptions\FrameworkException::forInvalidFile('products.php')
 2 SYSTEMPATH\Common.php(1188): CodeIgniter\View\View->render('products', [], true)
 3 APPPATH\Controllers\ProductController.php(43): view('products', [...])
 4 SYSTEMPATH\CodeIgniter.php(919): App\Controllers\ProductController->index()
 5 SYSTEMPATH\CodeIgniter.php(494): CodeIgniter\CodeIgniter->runController(Object(App\Controllers\ProductController))
 6 SYSTEMPATH\CodeIgniter.php(353): CodeIgniter\CodeIgniter->handleRequest(null, Object(Config\Cache), false)
 7 FCPATH\index.php(79): CodeIgniter\CodeIgniter->run()
 8 SYSTEMPATH\Commands\Server\rewrite.php(47): require_once('C:\\laragon\\www\\LaMall\\public\\index.php')
CRITICAL - 2023-10-01 04:35:43 --> Invalid file: "product.php"
in SYSTEMPATH\Exceptions\FrameworkException.php on line 39.
 1 SYSTEMPATH\View\View.php(214): CodeIgniter\Exceptions\FrameworkException::forInvalidFile('product.php')
 2 SYSTEMPATH\Common.php(1188): CodeIgniter\View\View->render('product', [], true)
 3 APPPATH\Controllers\ProductController.php(50): view('product', [...])
 4 SYSTEMPATH\CodeIgniter.php(919): App\Controllers\ProductController->shop()
 5 SYSTEMPATH\CodeIgniter.php(494): CodeIgniter\CodeIgniter->runController(Object(App\Controllers\ProductController))
 6 SYSTEMPATH\CodeIgniter.php(353): CodeIgniter\CodeIgniter->handleRequest(null, Object(Config\Cache), false)
 7 FCPATH\index.php(79): CodeIgniter\CodeIgniter->run()
 8 SYSTEMPATH\Commands\Server\rewrite.php(47): require_once('C:\\laragon\\www\\LaMall\\public\\index.php')
CRITICAL - 2023-10-01 04:36:49 --> Undefined variable $product
in APPPATH\Views\inc\productDetail.php on line 27.
 1 APPPATH\Views\inc\productDetail.php(27): CodeIgniter\Debug\Exceptions->errorHandler(2, 'Undefined variable $product', 'C:\\laragon\\www\\LaMall\\app\\Views\\inc\\productDetail.php', 27)
 2 SYSTEMPATH\View\View.php(226): include('C:\\laragon\\www\\LaMall\\app\\Views\\inc\\productDetail.php')
 3 SYSTEMPATH\View\View.php(229): CodeIgniter\View\View->CodeIgniter\View\{closure}()
 4 SYSTEMPATH\View\View.php(467): CodeIgniter\View\View->render('inc/productDetail', null, true)
 5 APPPATH\Views\index.php(7): CodeIgniter\View\View->include('inc/productDetail')
 6 SYSTEMPATH\View\View.php(226): include('C:\\laragon\\www\\LaMall\\app\\Views\\index.php')
 7 SYSTEMPATH\View\View.php(229): CodeIgniter\View\View->CodeIgniter\View\{closure}()
 8 SYSTEMPATH\Common.php(1188): CodeIgniter\View\View->render('index', [], true)
 9 APPPATH\Controllers\ProductController.php(50): view('index', [...])
10 SYSTEMPATH\CodeIgniter.php(919): App\Controllers\ProductController->shop()
11 SYSTEMPATH\CodeIgniter.php(494): CodeIgniter\CodeIgniter->runController(Object(App\Controllers\ProductController))
12 SYSTEMPATH\CodeIgniter.php(353): CodeIgniter\CodeIgniter->handleRequest(null, Object(Config\Cache), false)
13 FCPATH\index.php(79): CodeIgniter\CodeIgniter->run()
14 SYSTEMPATH\Commands\Server\rewrite.php(47): require_once('C:\\laragon\\www\\LaMall\\public\\index.php')
CRITICAL - 2023-10-01 04:37:48 --> Undefined variable $product
in APPPATH\Views\shop\productDetail.php on line 27.
 1 APPPATH\Views\shop\productDetail.php(27): CodeIgniter\Debug\Exceptions->errorHandler(2, 'Undefined variable $product', 'C:\\laragon\\www\\LaMall\\app\\Views\\shop\\productDetail.php', 27)
 2 SYSTEMPATH\View\View.php(226): include('C:\\laragon\\www\\LaMall\\app\\Views\\shop\\productDetail.php')
 3 SYSTEMPATH\View\View.php(229): CodeIgniter\View\View->CodeIgniter\View\{closure}()
 4 SYSTEMPATH\View\View.php(467): CodeIgniter\View\View->render('/shop/productDetail', null, true)
 5 APPPATH\Views\shop.php(5): CodeIgniter\View\View->include('/shop/productDetail')
 6 SYSTEMPATH\View\View.php(226): include('C:\\laragon\\www\\LaMall\\app\\Views\\shop.php')
 7 SYSTEMPATH\View\View.php(229): CodeIgniter\View\View->CodeIgniter\View\{closure}()
 8 SYSTEMPATH\Common.php(1188): CodeIgniter\View\View->render('shop', [], true)
 9 APPPATH\Controllers\ProductController.php(50): view('shop', [...])
10 SYSTEMPATH\CodeIgniter.php(919): App\Controllers\ProductController->shop()
11 SYSTEMPATH\CodeIgniter.php(494): CodeIgniter\CodeIgniter->runController(Object(App\Controllers\ProductController))
12 SYSTEMPATH\CodeIgniter.php(353): CodeIgniter\CodeIgniter->handleRequest(null, Object(Config\Cache), false)
13 FCPATH\index.php(79): CodeIgniter\CodeIgniter->run()
14 SYSTEMPATH\Commands\Server\rewrite.php(47): require_once('C:\\laragon\\www\\LaMall\\public\\index.php')
CRITICAL - 2023-10-01 04:37:48 --> Undefined variable $product
in APPPATH\Views\shop\productDetail.php on line 27.
 1 APPPATH\Views\shop\productDetail.php(27): CodeIgniter\Debug\Exceptions->errorHandler(2, 'Undefined variable $product', 'C:\\laragon\\www\\LaMall\\app\\Views\\shop\\productDetail.php', 27)
 2 SYSTEMPATH\View\View.php(226): include('C:\\laragon\\www\\LaMall\\app\\Views\\shop\\productDetail.php')
 3 SYSTEMPATH\View\View.php(229): CodeIgniter\View\View->CodeIgniter\View\{closure}()
 4 SYSTEMPATH\View\View.php(467): CodeIgniter\View\View->render('/shop/productDetail', null, true)
 5 APPPATH\Views\shop.php(5): CodeIgniter\View\View->include('/shop/productDetail')
 6 SYSTEMPATH\View\View.php(226): include('C:\\laragon\\www\\LaMall\\app\\Views\\shop.php')
 7 SYSTEMPATH\View\View.php(229): CodeIgniter\View\View->CodeIgniter\View\{closure}()
 8 SYSTEMPATH\Common.php(1188): CodeIgniter\View\View->render('shop', [], true)
 9 APPPATH\Controllers\ProductController.php(50): view('shop', [...])
10 SYSTEMPATH\CodeIgniter.php(919): App\Controllers\ProductController->shop()
11 SYSTEMPATH\CodeIgniter.php(494): CodeIgniter\CodeIgniter->runController(Object(App\Controllers\ProductController))
12 SYSTEMPATH\CodeIgniter.php(353): CodeIgniter\CodeIgniter->handleRequest(null, Object(Config\Cache), false)
13 FCPATH\index.php(79): CodeIgniter\CodeIgniter->run()
14 SYSTEMPATH\Commands\Server\rewrite.php(47): require_once('C:\\laragon\\www\\LaMall\\public\\index.php')
CRITICAL - 2023-10-01 04:58:02 --> Undefined variable $product
in APPPATH\Views\inc\productDetail.php on line 27.
 1 APPPATH\Views\inc\productDetail.php(27): CodeIgniter\Debug\Exceptions->errorHandler(2, 'Undefined variable $product', 'C:\\laragon\\www\\LaMall\\app\\Views\\inc\\productDetail.php', 27)
 2 SYSTEMPATH\View\View.php(226): include('C:\\laragon\\www\\LaMall\\app\\Views\\inc\\productDetail.php')
 3 SYSTEMPATH\View\View.php(229): CodeIgniter\View\View->CodeIgniter\View\{closure}()
 4 SYSTEMPATH\View\View.php(467): CodeIgniter\View\View->render('inc/productDetail', null, true)
 5 APPPATH\Views\index.php(7): CodeIgniter\View\View->include('inc/productDetail')
 6 SYSTEMPATH\View\View.php(226): include('C:\\laragon\\www\\LaMall\\app\\Views\\index.php')
 7 SYSTEMPATH\View\View.php(229): CodeIgniter\View\View->CodeIgniter\View\{closure}()
 8 SYSTEMPATH\Common.php(1188): CodeIgniter\View\View->render('index', [], true)
 9 APPPATH\Controllers\Home.php(9): view('index')
10 SYSTEMPATH\CodeIgniter.php(919): App\Controllers\Home->index()
11 SYSTEMPATH\CodeIgniter.php(494): CodeIgniter\CodeIgniter->runController(Object(App\Controllers\Home))
12 SYSTEMPATH\CodeIgniter.php(353): CodeIgniter\CodeIgniter->handleRequest(null, Object(Config\Cache), false)
13 FCPATH\index.php(79): CodeIgniter\CodeIgniter->run()
14 SYSTEMPATH\Commands\Server\rewrite.php(47): require_once('C:\\laragon\\www\\LaMall\\public\\index.php')
CRITICAL - 2023-10-01 04:58:08 --> Undefined variable $product
in APPPATH\Views\inc\productDetail.php on line 27.
 1 APPPATH\Views\inc\productDetail.php(27): CodeIgniter\Debug\Exceptions->errorHandler(2, 'Undefined variable $product', 'C:\\laragon\\www\\LaMall\\app\\Views\\inc\\productDetail.php', 27)
 2 SYSTEMPATH\View\View.php(226): include('C:\\laragon\\www\\LaMall\\app\\Views\\inc\\productDetail.php')
 3 SYSTEMPATH\View\View.php(229): CodeIgniter\View\View->CodeIgniter\View\{closure}()
 4 SYSTEMPATH\View\View.php(467): CodeIgniter\View\View->render('inc/productDetail', null, true)
 5 APPPATH\Views\index.php(7): CodeIgniter\View\View->include('inc/productDetail')
 6 SYSTEMPATH\View\View.php(226): include('C:\\laragon\\www\\LaMall\\app\\Views\\index.php')
 7 SYSTEMPATH\View\View.php(229): CodeIgniter\View\View->CodeIgniter\View\{closure}()
 8 SYSTEMPATH\Common.php(1188): CodeIgniter\View\View->render('index', [], true)
 9 APPPATH\Controllers\Home.php(9): view('index')
10 SYSTEMPATH\CodeIgniter.php(919): App\Controllers\Home->index()
11 SYSTEMPATH\CodeIgniter.php(494): CodeIgniter\CodeIgniter->runController(Object(App\Controllers\Home))
12 SYSTEMPATH\CodeIgniter.php(353): CodeIgniter\CodeIgniter->handleRequest(null, Object(Config\Cache), false)
13 FCPATH\index.php(79): CodeIgniter\CodeIgniter->run()
14 SYSTEMPATH\Commands\Server\rewrite.php(47): require_once('C:\\laragon\\www\\LaMall\\public\\index.php')
CRITICAL - 2023-10-01 04:59:02 --> Undefined variable $product
in APPPATH\Views\inc\productDetail.php on line 27.
 1 APPPATH\Views\inc\productDetail.php(27): CodeIgniter\Debug\Exceptions->errorHandler(2, 'Undefined variable $product', 'C:\\laragon\\www\\LaMall\\app\\Views\\inc\\productDetail.php', 27)
 2 SYSTEMPATH\View\View.php(226): include('C:\\laragon\\www\\LaMall\\app\\Views\\inc\\productDetail.php')
 3 SYSTEMPATH\View\View.php(229): CodeIgniter\View\View->CodeIgniter\View\{closure}()
 4 SYSTEMPATH\View\View.php(467): CodeIgniter\View\View->render('inc/productDetail', null, true)
 5 APPPATH\Views\index.php(7): CodeIgniter\View\View->include('inc/productDetail')
 6 SYSTEMPATH\View\View.php(226): include('C:\\laragon\\www\\LaMall\\app\\Views\\index.php')
 7 SYSTEMPATH\View\View.php(229): CodeIgniter\View\View->CodeIgniter\View\{closure}()
 8 SYSTEMPATH\Common.php(1188): CodeIgniter\View\View->render('index', [], true)
 9 APPPATH\Controllers\Home.php(9): view('index')
10 SYSTEMPATH\CodeIgniter.php(919): App\Controllers\Home->index()
11 SYSTEMPATH\CodeIgniter.php(494): CodeIgniter\CodeIgniter->runController(Object(App\Controllers\Home))
12 SYSTEMPATH\CodeIgniter.php(353): CodeIgniter\CodeIgniter->handleRequest(null, Object(Config\Cache), false)
13 FCPATH\index.php(79): CodeIgniter\CodeIgniter->run()
14 SYSTEMPATH\Commands\Server\rewrite.php(47): require_once('C:\\laragon\\www\\LaMall\\public\\index.php')
CRITICAL - 2023-10-01 05:27:37 --> Undefined variable $product
in APPPATH\Views\inc\productDetail.php on line 27.
 1 APPPATH\Views\inc\productDetail.php(27): CodeIgniter\Debug\Exceptions->errorHandler(2, 'Undefined variable $product', 'C:\\laragon\\www\\LaMall\\app\\Views\\inc\\productDetail.php', 27)
 2 SYSTEMPATH\View\View.php(226): include('C:\\laragon\\www\\LaMall\\app\\Views\\inc\\productDetail.php')
 3 SYSTEMPATH\View\View.php(229): CodeIgniter\View\View->CodeIgniter\View\{closure}()
 4 SYSTEMPATH\View\View.php(467): CodeIgniter\View\View->render('inc/productDetail', null, true)
 5 APPPATH\Views\index.php(7): CodeIgniter\View\View->include('inc/productDetail')
 6 SYSTEMPATH\View\View.php(226): include('C:\\laragon\\www\\LaMall\\app\\Views\\index.php')
 7 SYSTEMPATH\View\View.php(229): CodeIgniter\View\View->CodeIgniter\View\{closure}()
 8 SYSTEMPATH\Common.php(1188): CodeIgniter\View\View->render('index', [], true)
 9 APPPATH\Controllers\Home.php(9): view('index')
10 SYSTEMPATH\CodeIgniter.php(919): App\Controllers\Home->index()
11 SYSTEMPATH\CodeIgniter.php(494): CodeIgniter\CodeIgniter->runController(Object(App\Controllers\Home))
12 SYSTEMPATH\CodeIgniter.php(353): CodeIgniter\CodeIgniter->handleRequest(null, Object(Config\Cache), false)
13 FCPATH\index.php(79): CodeIgniter\CodeIgniter->run()
14 SYSTEMPATH\Commands\Server\rewrite.php(47): require_once('C:\\laragon\\www\\LaMall\\public\\index.php')
CRITICAL - 2023-10-01 05:37:07 --> Undefined variable $product
in APPPATH\Views\inc\productDetail.php on line 27.
 1 APPPATH\Views\inc\productDetail.php(27): CodeIgniter\Debug\Exceptions->errorHandler(2, 'Undefined variable $product', 'C:\\laragon\\www\\LaMall\\app\\Views\\inc\\productDetail.php', 27)
 2 SYSTEMPATH\View\View.php(226): include('C:\\laragon\\www\\LaMall\\app\\Views\\inc\\productDetail.php')
 3 SYSTEMPATH\View\View.php(229): CodeIgniter\View\View->CodeIgniter\View\{closure}()
 4 SYSTEMPATH\View\View.php(467): CodeIgniter\View\View->render('inc/productDetail', null, true)
 5 APPPATH\Views\index.php(7): CodeIgniter\View\View->include('inc/productDetail')
 6 SYSTEMPATH\View\View.php(226): include('C:\\laragon\\www\\LaMall\\app\\Views\\index.php')
 7 SYSTEMPATH\View\View.php(229): CodeIgniter\View\View->CodeIgniter\View\{closure}()
 8 SYSTEMPATH\Common.php(1188): CodeIgniter\View\View->render('index', [], true)
 9 APPPATH\Controllers\Home.php(9): view('index')
10 SYSTEMPATH\CodeIgniter.php(919): App\Controllers\Home->index()
11 SYSTEMPATH\CodeIgniter.php(494): CodeIgniter\CodeIgniter->runController(Object(App\Controllers\Home))
12 SYSTEMPATH\CodeIgniter.php(353): CodeIgniter\CodeIgniter->handleRequest(null, Object(Config\Cache), false)
13 FCPATH\index.php(79): CodeIgniter\CodeIgniter->run()
14 SYSTEMPATH\Commands\Server\rewrite.php(47): require_once('C:\\laragon\\www\\LaMall\\public\\index.php')
CRITICAL - 2023-10-01 05:43:02 --> Undefined variable $product
in APPPATH\Views\inc\productDetail.php on line 27.
 1 APPPATH\Views\inc\productDetail.php(27): CodeIgniter\Debug\Exceptions->errorHandler(2, 'Undefined variable $product', 'C:\\laragon\\www\\LaMall\\app\\Views\\inc\\productDetail.php', 27)
 2 SYSTEMPATH\View\View.php(226): include('C:\\laragon\\www\\LaMall\\app\\Views\\inc\\productDetail.php')
 3 SYSTEMPATH\View\View.php(229): CodeIgniter\View\View->CodeIgniter\View\{closure}()
 4 SYSTEMPATH\View\View.php(467): CodeIgniter\View\View->render('inc/productDetail', null, true)
 5 APPPATH\Views\index.php(7): CodeIgniter\View\View->include('inc/productDetail')
 6 SYSTEMPATH\View\View.php(226): include('C:\\laragon\\www\\LaMall\\app\\Views\\index.php')
 7 SYSTEMPATH\View\View.php(229): CodeIgniter\View\View->CodeIgniter\View\{closure}()
 8 SYSTEMPATH\Common.php(1188): CodeIgniter\View\View->render('index', [], true)
 9 APPPATH\Controllers\Home.php(9): view('index')
10 SYSTEMPATH\CodeIgniter.php(919): App\Controllers\Home->index()
11 SYSTEMPATH\CodeIgniter.php(494): CodeIgniter\CodeIgniter->runController(Object(App\Controllers\Home))
12 SYSTEMPATH\CodeIgniter.php(353): CodeIgniter\CodeIgniter->handleRequest(null, Object(Config\Cache), false)
13 FCPATH\index.php(79): CodeIgniter\CodeIgniter->run()
14 SYSTEMPATH\Commands\Server\rewrite.php(47): require_once('C:\\laragon\\www\\LaMall\\public\\index.php')
CRITICAL - 2023-10-01 05:59:41 --> Undefined variable $product
in APPPATH\Views\inc\productDetail.php on line 27.
 1 APPPATH\Views\inc\productDetail.php(27): CodeIgniter\Debug\Exceptions->errorHandler(2, 'Undefined variable $product', 'C:\\laragon\\www\\LaMall\\app\\Views\\inc\\productDetail.php', 27)
 2 SYSTEMPATH\View\View.php(226): include('C:\\laragon\\www\\LaMall\\app\\Views\\inc\\productDetail.php')
 3 SYSTEMPATH\View\View.php(229): CodeIgniter\View\View->CodeIgniter\View\{closure}()
 4 SYSTEMPATH\View\View.php(467): CodeIgniter\View\View->render('inc/productDetail', null, true)
 5 APPPATH\Views\index.php(7): CodeIgniter\View\View->include('inc/productDetail')
 6 SYSTEMPATH\View\View.php(226): include('C:\\laragon\\www\\LaMall\\app\\Views\\index.php')
 7 SYSTEMPATH\View\View.php(229): CodeIgniter\View\View->CodeIgniter\View\{closure}()
 8 SYSTEMPATH\Common.php(1188): CodeIgniter\View\View->render('index', [], true)
 9 APPPATH\Controllers\Home.php(9): view('index')
10 SYSTEMPATH\CodeIgniter.php(919): App\Controllers\Home->index()
11 SYSTEMPATH\CodeIgniter.php(494): CodeIgniter\CodeIgniter->runController(Object(App\Controllers\Home))
12 SYSTEMPATH\CodeIgniter.php(353): CodeIgniter\CodeIgniter->handleRequest(null, Object(Config\Cache), false)
13 FCPATH\index.php(79): CodeIgniter\CodeIgniter->run()
14 SYSTEMPATH\Commands\Server\rewrite.php(47): require_once('C:\\laragon\\www\\LaMall\\public\\index.php')
CRITICAL - 2023-10-01 06:01:59 --> Undefined variable $product
in APPPATH\Views\inc\productDetail.php on line 27.
 1 APPPATH\Views\inc\productDetail.php(27): CodeIgniter\Debug\Exceptions->errorHandler(2, 'Undefined variable $product', 'C:\\laragon\\www\\LaMall\\app\\Views\\inc\\productDetail.php', 27)
 2 SYSTEMPATH\View\View.php(226): include('C:\\laragon\\www\\LaMall\\app\\Views\\inc\\productDetail.php')
 3 SYSTEMPATH\View\View.php(229): CodeIgniter\View\View->CodeIgniter\View\{closure}()
 4 SYSTEMPATH\View\View.php(467): CodeIgniter\View\View->render('inc/productDetail', null, true)
 5 APPPATH\Views\index.php(7): CodeIgniter\View\View->include('inc/productDetail')
 6 SYSTEMPATH\View\View.php(226): include('C:\\laragon\\www\\LaMall\\app\\Views\\index.php')
 7 SYSTEMPATH\View\View.php(229): CodeIgniter\View\View->CodeIgniter\View\{closure}()
 8 SYSTEMPATH\Common.php(1188): CodeIgniter\View\View->render('index', [], true)
 9 APPPATH\Controllers\Home.php(9): view('index')
10 SYSTEMPATH\CodeIgniter.php(919): App\Controllers\Home->index()
11 SYSTEMPATH\CodeIgniter.php(494): CodeIgniter\CodeIgniter->runController(Object(App\Controllers\Home))
12 SYSTEMPATH\CodeIgniter.php(353): CodeIgniter\CodeIgniter->handleRequest(null, Object(Config\Cache), false)
13 FCPATH\index.php(79): CodeIgniter\CodeIgniter->run()
14 SYSTEMPATH\Commands\Server\rewrite.php(47): require_once('C:\\laragon\\www\\LaMall\\public\\index.php')
